<?xml version="1.0" encoding="UTF-8"?>
<testng-results skipped="0" failed="0" ignored="0" total="1" passed="1">
  <reporter-output>
  </reporter-output>
  <suite name="Default suite" duration-ms="22231" started-at="2019-08-08T15:59:55Z" finished-at="2019-08-08T16:00:17Z">
    <groups>
    </groups>
    <test name="Default test" duration-ms="22231" started-at="2019-08-08T15:59:55Z" finished-at="2019-08-08T16:00:17Z">
      <class name="tests.HotelBookingTest">
        <test-method status="PASS" signature="initialize()[pri:0, instance:tests.HotelBookingTest@7823a2f9]" name="initialize" is-config="true" duration-ms="3926" started-at="2019-08-08T21:29:55Z" finished-at="2019-08-08T21:29:59Z">
          <reporter-output>
          </reporter-output>
        </test-method> <!-- initialize -->
        <test-method status="PASS" signature="shouldBeAbleToSearchForHotels()[pri:0, instance:tests.HotelBookingTest@7823a2f9]" name="shouldBeAbleToSearchForHotels" duration-ms="18269" started-at="2019-08-08T21:29:59Z" finished-at="2019-08-08T21:30:17Z">
          <reporter-output>
          </reporter-output>
        </test-method> <!-- shouldBeAbleToSearchForHotels -->
      </class> <!-- tests.HotelBookingTest -->
    </test> <!-- Default test -->
  </suite> <!-- Default suite -->
</testng-results>
